<?xml version="1.0" encoding="UTF-8"?>
<testng-results skipped="0" failed="0" total="1" passed="1">
  <reporter-output>
  </reporter-output>
  <suite name="Surefire suite" duration-ms="14581" started-at="2018-07-23T07:50:35Z" finished-at="2018-07-23T07:50:50Z">
    <groups>
    </groups>
    <test name="Surefire test" duration-ms="14581" started-at="2018-07-23T07:50:35Z" finished-at="2018-07-23T07:50:50Z">
      <class name="test">
        <test-method status="PASS" signature="setupBaseMethod()[pri:0, instance:test@62043840]" name="setupBaseMethod" is-config="true" duration-ms="2206" started-at="2018-07-23T11:50:35Z" finished-at="2018-07-23T11:50:37Z">
          <reporter-output>
          </reporter-output>
        </test-method> <!-- setupBaseMethod -->
        <test-method status="PASS" signature="init()[pri:0, instance:test@62043840]" name="init" is-config="true" duration-ms="7264" started-at="2018-07-23T11:50:37Z" finished-at="2018-07-23T11:50:45Z">
          <reporter-output>
          </reporter-output>
        </test-method> <!-- init -->
        <test-method status="PASS" signature="facebookTest()[pri:0, instance:test@62043840]" name="facebookTest" duration-ms="4883" started-at="2018-07-23T11:50:45Z" finished-at="2018-07-23T11:50:50Z">
          <reporter-output>
          </reporter-output>
        </test-method> <!-- facebookTest -->
        <test-method status="PASS" signature="tearDownBase()[pri:0, instance:test@62043840]" name="tearDownBase" is-config="true" duration-ms="215" started-at="2018-07-23T11:50:50Z" finished-at="2018-07-23T11:50:50Z">
          <reporter-output>
          </reporter-output>
        </test-method> <!-- tearDownBase -->
      </class> <!-- test -->
    </test> <!-- Surefire test -->
  </suite> <!-- Surefire suite -->
</testng-results>
